0 info it worked if it ends with ok
1 verbose cli [ 'D:\\nodejs\\node.exe',
1 verbose cli   'D:\\nodejs\\node_modules\\npm\\bin\\npm-cli.js',
1 verbose cli   'run',
1 verbose cli   'dev' ]
2 info using npm@3.10.10
3 info using node@v6.10.0
4 verbose run-script [ 'predev', 'dev', 'postdev' ]
5 info lifecycle react-github-app@1.0.0~predev: react-github-app@1.0.0
6 silly lifecycle react-github-app@1.0.0~predev: no script for predev, continuing
7 info lifecycle react-github-app@1.0.0~dev: react-github-app@1.0.0
8 verbose lifecycle react-github-app@1.0.0~dev: unsafe-perm in lifecycle true
9 verbose lifecycle react-github-app@1.0.0~dev: PATH: D:\nodejs\node_modules\npm\bin\node-gyp-bin;C:\Users\邱建强\Desktop\暑期敲的代码\react查询github用户信息app\node_modules\.bin;C:\ProgramData\Oracle\Java\javapath;C:\Program Files (x86)\Intel\iCLS Client\;C:\Program Files\Intel\iCLS Client\;C:\Windows\system32;C:\Windows;C:\Windows\System32\Wbem;C:\Windows\System32\WindowsPowerShell\v1.0\;C:\Program Files (x86)\Intel\Intel(R) Management Engine Components\DAL;C:\Program Files\Intel\Intel(R) Management Engine Components\DAL;C:\Program Files (x86)\Intel\Intel(R) Management Engine Components\IPT;C:\Program Files\Intel\Intel(R) Management Engine Components\IPT;C:\Program Files (x86)\NVIDIA Corporation\PhysX\Common;C:\WINDOWS\system32;C:\WINDOWS;C:\WINDOWS\System32\Wbem;C:\WINDOWS\System32\WindowsPowerShell\v1.0\;C:\Program Files\Java\jdk1.8.0_101\bin;C:\Program Files\Java\jdk1.8.0_101jre\bin;C:\Python27;C:\Anaconda3;C:\Anaconda3\Scripts;C:\Anaconda3\Library\bin;c:\anaconda3\lib\site-packages\pip-9.0.1-py3.5.egg;C:\Program Files\TortoiseSVN\bin;D:\nodejs;D:\nodejs\;D:\Tomcat\apache-maven-3.2.5\bin;C:\Program Files (x86)\Microsoft SQL Server\100\Tools\Binn\;C:\Program Files\Microsoft SQL Server\100\Tools\Binn\;C:\Program Files\Microsoft SQL Server\100\DTS\Binn\;C:\Program Files (x86)\Microsoft SQL Server\100\Tools\Binn\VSShell\Common7\IDE\;C:\Program Files (x86)\Microsoft Visual Studio 9.0\Common7\IDE\PrivateAssemblies\;C:\Program Files (x86)\Microsoft SQL Server\100\DTS\Binn\;D:\Git\Git\cmd;D:\redis\Redis;D:\BaiduYunDownload\android\sdk\tools;D:\MySQL\MySQLServer5.7\bin;D:\Yarn\bin;D:\nodejs\node_global;D:\360安全浏览器下载\VC6\Microsoft SDK\bin\winnt;D:\360安全浏览器下载\VC6\Microsoft SDK\bin;D:\360安全浏览器下载\VC6\SDK\masm32\bin;D:\360安全浏览器下载\VC6\sdk\stl\stlport\bin;D:\360安全浏览器下载\VC6\Compiler\Intel\Compiler\C++\10.1.021\IA32\Bin;D:\360安全浏览器下载\VC6\Compiler\Intel\Compiler\ISELECT\bin;D:\360安全浏览器下载\VC6\Common\Tools\WinNT;D:\360安全浏览器下载\VC6\Common\MSDev98\Bin;D:\360安全浏览器下载\VC6\Common\Tools;D:\360安全浏览器下载\VC6\VC98\bin;C:\Users\邱建强\AppData\Local\GitHubDesktop\bin;C:\Users\邱建强\AppData\Local\Yarn\bin
10 verbose lifecycle react-github-app@1.0.0~dev: CWD: C:\Users\邱建强\Desktop\暑期敲的代码\react查询github用户信息app
11 silly lifecycle react-github-app@1.0.0~dev: Args: [ '/d /s /c',
11 silly lifecycle   'webpack-dev-server --devtool eval --progress --hot --colors --content-base build --history-api-fallback' ]
12 silly lifecycle react-github-app@1.0.0~dev: Returned: code: 3221225786  signal: null
13 info lifecycle react-github-app@1.0.0~dev: Failed to exec dev script
14 verbose stack Error: react-github-app@1.0.0 dev: `webpack-dev-server --devtool eval --progress --hot --colors --content-base build --history-api-fallback`
14 verbose stack Exit status 3221225786
14 verbose stack     at EventEmitter.<anonymous> (D:\nodejs\node_modules\npm\lib\utils\lifecycle.js:255:16)
14 verbose stack     at emitTwo (events.js:106:13)
14 verbose stack     at EventEmitter.emit (events.js:191:7)
14 verbose stack     at ChildProcess.<anonymous> (D:\nodejs\node_modules\npm\lib\utils\spawn.js:40:14)
14 verbose stack     at emitTwo (events.js:106:13)
14 verbose stack     at ChildProcess.emit (events.js:191:7)
14 verbose stack     at maybeClose (internal/child_process.js:877:16)
14 verbose stack     at Process.ChildProcess._handle.onexit (internal/child_process.js:226:5)
15 verbose pkgid react-github-app@1.0.0
16 verbose cwd C:\Users\邱建强\Desktop\暑期敲的代码\react查询github用户信息app
17 error Windows_NT 10.0.14393
18 error argv "D:\\nodejs\\node.exe" "D:\\nodejs\\node_modules\\npm\\bin\\npm-cli.js" "run" "dev"
19 error node v6.10.0
20 error npm  v3.10.10
21 error code ELIFECYCLE
22 error react-github-app@1.0.0 dev: `webpack-dev-server --devtool eval --progress --hot --colors --content-base build --history-api-fallback`
22 error Exit status 3221225786
23 error Failed at the react-github-app@1.0.0 dev script 'webpack-dev-server --devtool eval --progress --hot --colors --content-base build --history-api-fallback'.
23 error Make sure you have the latest version of node.js and npm installed.
23 error If you do, this is most likely a problem with the react-github-app package,
23 error not with npm itself.
23 error Tell the author that this fails on your system:
23 error     webpack-dev-server --devtool eval --progress --hot --colors --content-base build --history-api-fallback
23 error You can get information on how to open an issue for this project with:
23 error     npm bugs react-github-app
23 error Or if that isn't available, you can get their info via:
23 error     npm owner ls react-github-app
23 error There is likely additional logging output above.
24 verbose exit [ 1, true ]
